C51 COMPILER V9.06   BACADDR                                                               03/13/2013 09:32:36 PAGE 1   


C51 COMPILER V9.06, COMPILATION OF MODULE BACADDR
OBJECT MODULE PLACED IN .\bacaddr.obj
COMPILER INVOKED BY: d:\Keil_4_9.06\C51\BIN\C51.EXE ..\src\bacnet\bacaddr.c LARGE OMF2 ROM(D16M) BROWSE INTVECTOR(0X6020
                    -) INCDIR(..\SRC\cpu\;..\SRC\ethernet\;..\SRC\swdma\;..\SRC\mstimer\;..\SRC\uart\;..\SRC\main\;..\SRC\tcpip\;..\SRC\hsur\
                    -;..\SRC\debug\;..\SRC\dhcp\;..\SRC\dns\;..\SRC\adapter\;..\SRC\pppoe\;..\SRC\management;..\SRC\i2c\;..\SRC\flash\;..\SRC
                    -\buffer\;..\SRC\onewire\;..\SRC\http\;..\SRC\web\;..\SRC\AX110xx_SNTP_v100;..\Src\FreeRTOSSource\portable\Keil\AX11000\;
                    -..\Src\FreeRTOSSource\include\;..\Src\schedule\) DEFINE(KEIL_AX11000) VARBANKING DEBUG PRINT(.\bacaddr.lst) OBJECT(.\bac
                    -addr.obj)

line level    source

   1          /*####COPYRIGHTBEGIN####
   2           -------------------------------------------
   3           Copyright (C) 2007 Steve Karg
   4          
   5           This program is free software; you can redistribute it and/or
   6           modify it under the terms of the GNU General Public License
   7           as published by the Free Software Foundation; either version 2
   8           of the License, or (at your option) any later version.
   9          
  10           This program is distributed in the hope that it will be useful,
  11           but WITHOUT ANY WARRANTY; without even the implied warranty of
  12           MERCHANTABILITY or FITNESS FOR A PARTICULAR PURPOSE.  See the
  13           GNU General Public License for more details.
  14          
  15           You should have received a copy of the GNU General Public License
  16           along with this program; if not, write to:
  17           The Free Software Foundation, Inc.
  18           59 Temple Place - Suite 330
  19           Boston, MA  02111-1307, USA.
  20          
  21           As a special exception, if other files instantiate templates or
  22           use macros or inline functions from this file, or you compile
  23           this file and link it with other works to produce a work based
  24           on this file, this file does not by itself cause the resulting
  25           work to be covered by the GNU General Public License. However
  26           the source code for this file must still be made available in
  27           accordance with section (3) of the GNU General Public License.
  28          
  29           This exception does not invalidate any other reasons why a work
  30           based on this file might be covered by the GNU General Public
  31           License.
  32           -------------------------------------------
  33          ####COPYRIGHTEND####*/
  34          #include <stddef.h>
  35          #include <stdint.h>
  36          #include <stdbool.h>
  37          #include "../include/config.h"
  38          #include "../include/bacdef.h"
  39          #include "../include/bacaddr.h"
  40          
  41          /** @file bacaddr.c  BACnet Address structure utilities */
  42          
  43          void bacnet_address_copy(
  44              BACNET_ADDRESS * dest,
  45              BACNET_ADDRESS * src)
  46          {
  47   1          int i = 0;
  48   1      
  49   1          if (dest && src) {
  50   2              dest->mac_len = src->mac_len;
C51 COMPILER V9.06   BACADDR                                                               03/13/2013 09:32:36 PAGE 2   

  51   2              for (i = 0; i < MAX_MAC_LEN; i++) {
  52   3                  dest->mac[i] = src->mac[i];
  53   3              }
  54   2              dest->net = src->net;
  55   2              dest->len = src->len;
  56   2              for (i = 0; i < MAX_MAC_LEN; i++) {
  57   3                  dest->adr[i] = src->adr[i];
  58   3              }
  59   2          }
  60   1      }
  61          
  62          bool bacnet_address_same(
  63              BACNET_ADDRESS * dest,
  64              BACNET_ADDRESS * src)
  65          {
  66   1          uint8_t i = 0;      /* loop counter */
  67   1          uint8_t max_len = 0;        /* used for dynamic max */
  68   1          bool match = true;  /* return value */
  69   1      
  70   1          if (dest->mac_len != src->mac_len)
  71   1              match = false;
  72   1          max_len = dest->mac_len;
  73   1          if (max_len > MAX_MAC_LEN)
  74   1              max_len = MAX_MAC_LEN;
  75   1          for (i = 0; i < max_len; i++) {
  76   2              if (dest->mac[i] != src->mac[i])
  77   2                  match = false;
  78   2          }
  79   1          if (dest->net != src->net)
  80   1              match = false;
  81   1          if (dest->len != src->len)
  82   1              match = false;
  83   1          max_len = dest->len;
  84   1          if (max_len > MAX_MAC_LEN)
  85   1              max_len = MAX_MAC_LEN;
  86   1          for (i = 0; i < max_len; i++) {
  87   2              if (dest->adr[i] != src->adr[i])
  88   2                  match = false;
  89   2          }
  90   1      
  91   1          return match;
  92   1      }


MODULE INFORMATION:   STATIC OVERLAYABLE
   CODE SIZE        =    716    ----
   CONSTANT SIZE    =   ----    ----
   XDATA SIZE       =   ----      16
   PDATA SIZE       =   ----    ----
   DATA SIZE        =   ----    ----
   IDATA SIZE       =   ----    ----
   BIT SIZE         =   ----    ----
   EDATA SIZE       =   ----    ----
   HDATA SIZE       =   ----    ----
   XDATA CONST SIZE =   ----    ----
   FAR CONST SIZE   =   ----    ----
END OF MODULE INFORMATION.


C51 COMPILATION COMPLETE.  0 WARNING(S),  0 ERROR(S)
