C51 COMPILER V9.00   DATABASE                                                              06/28/2012 11:23:11 PAGE 1   


C51 COMPILER V9.00, COMPILATION OF MODULE DATABASE
OBJECT MODULE PLACED IN .\database.obj
COMPILER INVOKED BY: C:\Keil\C51\BIN\C51.EXE ..\src\scan\database.c LARGE OMF2 ROM(D16M) BROWSE INTVECTOR(0X6020) INCDIR
                    -(..\SRC\cpu\;..\SRC\ethernet\;..\SRC\swdma\;..\SRC\mstimer\;..\SRC\uart\;..\SRC\main\;..\SRC\tcpip\;..\SRC\hsur\;..\SRC\
                    -debug\;..\SRC\dhcp\;..\SRC\dns\;..\SRC\adapter\;..\SRC\pppoe\;..\SRC\management;..\SRC\i2c\;..\SRC\flash\;..\SRC\buffer\
                    -;..\SRC\onewire\;..\SRC\http\;..\SRC\web\;..\SRC\AX110xx_SNTP_v100;..\Src\FreeRTOSSource\portable\Keil\AX11000\;..\Src\F
                    -reeRTOSSource\include\;..\Src\schedule\) DEFINE(KEIL_AX11000) VARBANKING DEBUG PRINT(.\database.lst) OBJECT(.\database.o
                    -bj)

line level    source

   1          
   2          #include "database.h"


MODULE INFORMATION:   STATIC OVERLAYABLE
   CODE SIZE        =   ----    ----
   CONSTANT SIZE    =   ----    ----
   XDATA SIZE       =   ----    ----
   PDATA SIZE       =   ----    ----
   DATA SIZE        =   ----    ----
   IDATA SIZE       =   ----    ----
   BIT SIZE         =   ----    ----
   EDATA SIZE       =   ----    ----
   HDATA SIZE       =   ----    ----
   XDATA CONST SIZE =   ----    ----
   FAR CONST SIZE   =   ----    ----
END OF MODULE INFORMATION.


C51 COMPILATION COMPLETE.  0 WARNING(S),  0 ERROR(S)
