C51 COMPILER V9.06   IAM                                                                   03/29/2013 16:57:08 PAGE 1   


C51 COMPILER V9.06, COMPILATION OF MODULE IAM
OBJECT MODULE PLACED IN .\iam.obj
COMPILER INVOKED BY: d:\Keil_4_9.06\C51\BIN\C51.EXE ..\src\bacnet\iam.c LARGE OMF2 ROM(D16M) BROWSE INTVECTOR(0X6020) IN
                    -CDIR(..\SRC\cpu\;..\SRC\ethernet\;..\SRC\swdma\;..\SRC\mstimer\;..\SRC\uart\;..\SRC\main\;..\SRC\tcpip\;..\SRC\hsur\;..\
                    -SRC\debug\;..\SRC\dhcp\;..\SRC\dns\;..\SRC\adapter\;..\SRC\pppoe\;..\SRC\management;..\SRC\i2c\;..\SRC\flash\;..\SRC\buf
                    -fer\;..\SRC\onewire\;..\SRC\http\;..\SRC\web\;..\SRC\AX110xx_SNTP_v100;..\Src\FreeRTOSSource\portable\Keil\AX11000\;..\S
                    -rc\FreeRTOSSource\include\;..\Src\schedule\;..\src\bacnet;..\src\include;..\src\LCD;..\src\version) DEFINE(KEIL_AX11000)
                    - VARBANKING DEBUG PRINT(.\iam.lst) OBJECT(.\iam.obj)

line level    source

   1          /*####COPYRIGHTBEGIN####
   2           -------------------------------------------
   3           Copyright (C) 2005 Steve Karg
   4          
   5           This program is free software; you can redistribute it and/or
   6           modify it under the terms of the GNU General Public License
   7           as published by the Free Software Foundation; either version 2
   8           of the License, or (at your option) any later version.
   9          
  10           This program is distributed in the hope that it will be useful,
  11           but WITHOUT ANY WARRANTY; without even the implied warranty of
  12           MERCHANTABILITY or FITNESS FOR A PARTICULAR PURPOSE.  See the
  13           GNU General Public License for more details.
  14          
  15           You should have received a copy of the GNU General Public License
  16           along with this program; if not, write to:
  17           The Free Software Foundation, Inc.
  18           59 Temple Place - Suite 330
  19           Boston, MA  02111-1307, USA.
  20          
  21           As a special exception, if other files instantiate templates or
  22           use macros or inline functions from this file, or you compile
  23           this file and link it with other works to produce a work based
  24           on this file, this file does not by itself cause the resulting
  25           work to be covered by the GNU General Public License. However
  26           the source code for this file must still be made available in
  27           accordance with section (3) of the GNU General Public License.
  28          
  29           This exception does not invalidate any other reasons why a work
  30           based on this file might be covered by the GNU General Public
  31           License.
  32           -------------------------------------------
  33          ####COPYRIGHTEND####*/
  34          #include <stdint.h>
  35          #include "../include/bacenum.h"
  36          #include "../include/bacdef.h"
  37          #include "../include/npdu.h"
  38          #include "../include/dcc.h"
  39          #include "../include/device.h"
  40          #include "../include/bacdcode.h"
  41          #include "../include/address.h"
  42          #include "../include/iam.h"
  43          
  44          /** @file iam.c  Encode/Decode I-Am service */
  45          
  46          /* encode I-Am service */
  47          int iam_encode_apdu(
  48              uint8_t * apdu,
  49              uint32_t device_id,
  50              unsigned max_apdu,
C51 COMPILER V9.06   IAM                                                                   03/29/2013 16:57:08 PAGE 2   

  51              int segmentation,
  52              uint16_t vendor_id)
  53          {
  54   1          int len = 0;        /* length of each encoding */
  55   1          int apdu_len = 0;   /* total length of the apdu, return value */
  56   1      
  57   1          if (apdu) {
  58   2              apdu[0] = PDU_TYPE_UNCONFIRMED_SERVICE_REQUEST;
  59   2              apdu[1] = SERVICE_UNCONFIRMED_I_AM;     /* service choice */
  60   2              apdu_len = 2;
  61   2              len =
  62   2                  encode_application_object_id(&apdu[apdu_len], OBJECT_DEVICE,
  63   2                  device_id);
  64   2              apdu_len += len;
  65   2              len = encode_application_unsigned(&apdu[apdu_len], max_apdu);
  66   2              apdu_len += len;
  67   2              len =
  68   2                  encode_application_enumerated(&apdu[apdu_len],
  69   2                  (uint32_t) segmentation);
  70   2              apdu_len += len;
  71   2              len = encode_application_unsigned(&apdu[apdu_len], vendor_id);
  72   2              apdu_len += len;
  73   2          }
  74   1      
  75   1          return apdu_len;
  76   1      }
  77          
  78          int iam_decode_service_request(
  79              uint8_t * apdu,
  80              uint32_t * pDevice_id,
  81              unsigned *pMax_apdu,
  82              int *pSegmentation,
  83              uint16_t * pVendor_id)
  84          {
  85   1          int len = 0;
  86   1          int apdu_len = 0;   /* total length of the apdu, return value */
  87   1          uint16_t object_type = 0;   /* should be a Device Object */
  88   1          uint32_t object_instance = 0;
  89   1          uint8_t tag_number = 0;
  90   1          uint32_t len_value = 0;
  91   1          uint32_t decoded_value = 0;
  92   1      
  93   1          /* OBJECT ID - object id */
  94   1          len =
  95   1              decode_tag_number_and_value(&apdu[apdu_len], &tag_number, &len_value);
  96   1          apdu_len += len;
  97   1          if (tag_number != BACNET_APPLICATION_TAG_OBJECT_ID)
  98   1              return -1;
  99   1          len = decode_object_id(&apdu[apdu_len], &object_type, &object_instance);
 100   1          apdu_len += len;
 101   1          if (object_type != OBJECT_DEVICE)
 102   1              return -1;
 103   1          if (pDevice_id)
 104   1              *pDevice_id = object_instance;
 105   1          /* MAX APDU - unsigned */
 106   1          len =
 107   1              decode_tag_number_and_value(&apdu[apdu_len], &tag_number, &len_value);
 108   1          apdu_len += len;
 109   1          if (tag_number != BACNET_APPLICATION_TAG_UNSIGNED_INT)
 110   1              return -1;
 111   1          len = decode_unsigned(&apdu[apdu_len], len_value, &decoded_value);
 112   1          apdu_len += len;
C51 COMPILER V9.06   IAM                                                                   03/29/2013 16:57:08 PAGE 3   

 113   1          if (pMax_apdu)
 114   1              *pMax_apdu = (unsigned) decoded_value;
 115   1          /* Segmentation - enumerated */
 116   1          len =
 117   1              decode_tag_number_and_value(&apdu[apdu_len], &tag_number, &len_value);
 118   1          apdu_len += len;
 119   1          if (tag_number != BACNET_APPLICATION_TAG_ENUMERATED)
 120   1              return -1;
 121   1          len = decode_enumerated(&apdu[apdu_len], len_value, &decoded_value);
 122   1          apdu_len += len;
 123   1          if (decoded_value >= MAX_BACNET_SEGMENTATION)
 124   1              return -1;
 125   1          if (pSegmentation)
 126   1              *pSegmentation = (int) decoded_value;
 127   1          /* Vendor ID - unsigned16 */
 128   1          len =
 129   1              decode_tag_number_and_value(&apdu[apdu_len], &tag_number, &len_value);
 130   1          apdu_len += len;
 131   1          if (tag_number != BACNET_APPLICATION_TAG_UNSIGNED_INT)
 132   1              return -1;
 133   1          len = decode_unsigned(&apdu[apdu_len], len_value, &decoded_value);
 134   1          apdu_len += len;
 135   1          if (decoded_value > 0xFFFF)
 136   1              return -1;
 137   1          if (pVendor_id)
 138   1              *pVendor_id = (uint16_t) decoded_value;
 139   1      
 140   1          return apdu_len;
 141   1      }
 142          
 143          #ifdef TEST
              #include <assert.h>
              #include <string.h>
              #include "ctest.h"
              
              int iam_decode_apdu(
                  uint8_t * apdu,
                  uint32_t * pDevice_id,
                  unsigned *pMax_apdu,
                  int *pSegmentation,
                  uint16_t * pVendor_id)
              {
                  int apdu_len = 0;   /* total length of the apdu, return value */
              
                  /* valid data? */
                  if (!apdu)
                      return -1;
                  /* optional checking - most likely was already done prior to this call */
                  if (apdu[0] != PDU_TYPE_UNCONFIRMED_SERVICE_REQUEST)
                      return -1;
                  if (apdu[1] != SERVICE_UNCONFIRMED_I_AM)
                      return -1;
                  apdu_len =
                      iam_decode_service_request(&apdu[2], pDevice_id, pMax_apdu,
                      pSegmentation, pVendor_id);
              
                  return apdu_len;
              }
              
              void testIAm(
                  Test * pTest)
              {
C51 COMPILER V9.06   IAM                                                                   03/29/2013 16:57:08 PAGE 4   

                  uint8_t apdu[480] = { 0 };
                  int len = 0;
                  uint32_t device_id = 42;
                  unsigned max_apdu = 480;
                  int segmentation = SEGMENTATION_NONE;
                  uint16_t vendor_id = 42;
                  uint32_t test_device_id = 0;
                  unsigned test_max_apdu = 0;
                  int test_segmentation = 0;
                  uint16_t test_vendor_id = 0;
              
                  len =
                      iam_encode_apdu(&apdu[0], device_id, max_apdu, segmentation,
                      vendor_id);
              
                  ct_test(pTest, len != 0);
              
                  len =
                      iam_decode_apdu(&apdu[0], &test_device_id, &test_max_apdu,
                      &test_segmentation, &test_vendor_id);
              
                  ct_test(pTest, len != -1);
                  ct_test(pTest, test_device_id == device_id);
                  ct_test(pTest, test_vendor_id == vendor_id);
                  ct_test(pTest, test_max_apdu == max_apdu);
                  ct_test(pTest, test_segmentation == segmentation);
              }
              
              #ifdef TEST_IAM
              int main(
                  void)
              {
                  Test *pTest;
                  bool rc;
              
                  pTest = ct_create("BACnet I-Am", NULL);
                  /* individual tests */
                  rc = ct_addTestFunction(pTest, testIAm);
                  assert(rc);
              
                  ct_setStream(pTest, stdout);
                  ct_run(pTest);
                  (void) ct_report(pTest);
                  ct_destroy(pTest);
              
                  return 0;
              }
              #endif /* TEST_IAM */
              #endif /* TEST */


MODULE INFORMATION:   STATIC OVERLAYABLE
   CODE SIZE        =   1326    ----
   CONSTANT SIZE    =   ----    ----
   XDATA SIZE       =   ----      49
   PDATA SIZE       =   ----    ----
   DATA SIZE        =   ----    ----
   IDATA SIZE       =   ----    ----
   BIT SIZE         =   ----    ----
   EDATA SIZE       =   ----    ----
   HDATA SIZE       =   ----    ----
   XDATA CONST SIZE =   ----    ----
C51 COMPILER V9.06   IAM                                                                   03/29/2013 16:57:08 PAGE 5   

   FAR CONST SIZE   =   ----    ----
END OF MODULE INFORMATION.


C51 COMPILATION COMPLETE.  0 WARNING(S),  0 ERROR(S)
