C51 COMPILER V9.06   MSTIMER                                                               03/13/2013 09:32:21 PAGE 1   


C51 COMPILER V9.06, COMPILATION OF MODULE MSTIMER
OBJECT MODULE PLACED IN .\mstimer.obj
COMPILER INVOKED BY: d:\Keil_4_9.06\C51\BIN\C51.EXE ..\src\mstimer\mstimer.c LARGE OMF2 ROM(D16M) BROWSE INTVECTOR(0X602
                    -0) INCDIR(..\SRC\cpu\;..\SRC\ethernet\;..\SRC\swdma\;..\SRC\mstimer\;..\SRC\uart\;..\SRC\main\;..\SRC\tcpip\;..\SRC\hsur
                    -\;..\SRC\debug\;..\SRC\dhcp\;..\SRC\dns\;..\SRC\adapter\;..\SRC\pppoe\;..\SRC\management;..\SRC\i2c\;..\SRC\flash\;..\SR
                    -C\buffer\;..\SRC\onewire\;..\SRC\http\;..\SRC\web\;..\SRC\AX110xx_SNTP_v100;..\Src\FreeRTOSSource\portable\Keil\AX11000\
                    -;..\Src\FreeRTOSSource\include\;..\Src\schedule\) DEFINE(KEIL_AX11000) VARBANKING DEBUG PRINT(.\mstimer.lst) OBJECT(.\ms
                    -timer.obj)

line level    source

   1          /*
   2           ******************************************************************************
   3           *     Copyright (c) 2006       ASIX Electronic Corporation      All rights reserved.
   4           *
   5           *     This is unpublished proprietary source code of ASIX Electronic Corporation
   6           *
   7           *     The copyright notice above does not evidence any actual or intended
   8           *     publication of such source code.
   9           ******************************************************************************
  10           */
  11           /*============================================================================
  12           * Module Name: mstimer.c
  13           * Purpose:
  14           * Author:
  15           * Date:
  16           * Notes:
  17           * $Log: mstimer.c,v $
  18           * Revision 1.2  2006/07/25 05:34:56  borbin
  19           * no message
  20           *
  21           * Revision 1.1.1.1  2006/06/20 05:50:28  borbin
  22           * no message
  23           *
  24           *=============================================================================
  25           */
  26          
  27          /* INCLUDE FILE DECLARATIONS */
  28          #include "reg80390.h"
  29          #include "mstimer.h"
  30          #include "interrupt.h"
  31          #include "dma.h"
  32          #include "ax11000_cfg.h"
  33          #include "portmacro.h"
  34          
  35          
  36          
  37          U8_T IDATA ExecuteRuntimeFlag _at_ 0x30;
  38          
  39          
  40          /*
  41           * ----------------------------------------------------------------------------
  42           * Function Name: SWTIMER_Tick
  43           * Purpose: Get software timer count.
  44           * Params:
  45           * Returns:
  46           * Note:
  47           * ----------------------------------------------------------------------------
  48           */
  49          extern volatile portTickType xTickCount;
  50          U32_T SWTIMER_Tick(void)
C51 COMPILER V9.06   MSTIMER                                                               03/13/2013 09:32:21 PAGE 2   

  51          {
  52   1              U32_T   timer;
  53   1              U8_T    isr;
  54   1      
  55   1              isr = EA;
  56   1              EA = 0;
  57   1              timer = xTickCount;
  58   1              EA = isr;
  59   1              return timer;
  60   1      
  61   1      } /* End of SWTIMER_Tick */
  62          
  63          
  64          /* End of mstmier.c */


MODULE INFORMATION:   STATIC OVERLAYABLE
   CODE SIZE        =     53    ----
   CONSTANT SIZE    =   ----    ----
   XDATA SIZE       =   ----       4
   PDATA SIZE       =   ----    ----
   DATA SIZE        =   ----    ----
   IDATA SIZE       =   ----    ----
   BIT SIZE         =   ----    ----
   EDATA SIZE       =   ----    ----
   HDATA SIZE       =   ----    ----
   XDATA CONST SIZE =   ----    ----
   FAR CONST SIZE   =   ----    ----
END OF MODULE INFORMATION.


C51 COMPILATION COMPLETE.  0 WARNING(S),  0 ERROR(S)
