C51 COMPILER V9.06   WP                                                                    03/29/2013 16:57:08 PAGE 1   


C51 COMPILER V9.06, COMPILATION OF MODULE WP
OBJECT MODULE PLACED IN .\wp.obj
COMPILER INVOKED BY: d:\Keil_4_9.06\C51\BIN\C51.EXE ..\src\bacnet\wp.c LARGE OMF2 ROM(D16M) BROWSE INTVECTOR(0X6020) INC
                    -DIR(..\SRC\cpu\;..\SRC\ethernet\;..\SRC\swdma\;..\SRC\mstimer\;..\SRC\uart\;..\SRC\main\;..\SRC\tcpip\;..\SRC\hsur\;..\S
                    -RC\debug\;..\SRC\dhcp\;..\SRC\dns\;..\SRC\adapter\;..\SRC\pppoe\;..\SRC\management;..\SRC\i2c\;..\SRC\flash\;..\SRC\buff
                    -er\;..\SRC\onewire\;..\SRC\http\;..\SRC\web\;..\SRC\AX110xx_SNTP_v100;..\Src\FreeRTOSSource\portable\Keil\AX11000\;..\Sr
                    -c\FreeRTOSSource\include\;..\Src\schedule\;..\src\bacnet;..\src\include;..\src\LCD;..\src\version) DEFINE(KEIL_AX11000) 
                    -VARBANKING DEBUG PRINT(.\wp.lst) OBJECT(.\wp.obj)

line level    source

   1          /*####COPYRIGHTBEGIN####
   2           -------------------------------------------
   3           Copyright (C) 2005 Steve Karg
   4          
   5           This program is free software; you can redistribute it and/or
   6           modify it under the terms of the GNU General Public License
   7           as published by the Free Software Foundation; either version 2
   8           of the License, or (at your option) any later version.
   9          
  10           This program is distributed in the hope that it will be useful,
  11           but WITHOUT ANY WARRANTY; without even the implied warranty of
  12           MERCHANTABILITY or FITNESS FOR A PARTICULAR PURPOSE.  See the
  13           GNU General Public License for more details.
  14          
  15           You should have received a copy of the GNU General Public License
  16           along with this program; if not, write to:
  17           The Free Software Foundation, Inc.
  18           59 Temple Place - Suite 330
  19           Boston, MA  02111-1307, USA.
  20          
  21           As a special exception, if other files instantiate templates or
  22           use macros or inline functions from this file, or you compile
  23           this file and link it with other works to produce a work based
  24           on this file, this file does not by itself cause the resulting
  25           work to be covered by the GNU General Public License. However
  26           the source code for this file must still be made available in
  27           accordance with section (3) of the GNU General Public License.
  28          
  29           This exception does not invalidate any other reasons why a work
  30           based on this file might be covered by the GNU General Public
  31           License.
  32           -------------------------------------------
  33          ####COPYRIGHTEND####*/
  34          #include <stdint.h>
  35          #include "../include/bacenum.h"
  36          #include "../include/bacdcode.h"
  37          #include "../include/bacdef.h"
  38          #include "../include/wp.h"
  39          #include "../include/bacapp.h"
  40          
  41          /** @file wp.c  Encode/Decode BACnet Write Property APDUs  */
  42          #if BACNET_SVC_WP_A
  43          /* encode service */
  44          int wp_encode_apdu(
  45              uint8_t * apdu,
  46              uint8_t invoke_id,
  47              BACNET_WRITE_PROPERTY_DATA * wpdata)
  48          {
  49   1          int apdu_len = 0;   /* total length of the apdu, return value */
  50   1          int len = 0;        /* total length of the apdu, return value */
C51 COMPILER V9.06   WP                                                                    03/29/2013 16:57:08 PAGE 2   

  51   1      
  52   1          if (apdu) {
  53   2              apdu[0] = PDU_TYPE_CONFIRMED_SERVICE_REQUEST;
  54   2              apdu[1] = encode_max_segs_max_apdu(0, MAX_APDU);
  55   2              apdu[2] = invoke_id;
  56   2              apdu[3] = SERVICE_CONFIRMED_WRITE_PROPERTY;     /* service choice */
  57   2              apdu_len = 4;
  58   2              len =
  59   2                  encode_context_object_id(&apdu[apdu_len], 0, wpdata->object_type,
  60   2                  wpdata->object_instance);
  61   2              apdu_len += len;
  62   2              len =
  63   2                  encode_context_enumerated(&apdu[apdu_len], 1,
  64   2                  wpdata->object_property);
  65   2              apdu_len += len;
  66   2              /* optional array index; ALL is -1 which is assumed when missing */
  67   2              if (wpdata->array_index != BACNET_ARRAY_ALL) {
  68   3                  len =
  69   3                      encode_context_unsigned(&apdu[apdu_len], 2,
  70   3                      wpdata->array_index);
  71   3                  apdu_len += len;
  72   3              }
  73   2              /* propertyValue */
  74   2              len = encode_opening_tag(&apdu[apdu_len], 3);
  75   2              apdu_len += len;
  76   2              for (len = 0; len < wpdata->application_data_len; len++) {
  77   3                  apdu[apdu_len + len] = wpdata->application_data[len];
  78   3              }
  79   2              apdu_len += wpdata->application_data_len;
  80   2              len = encode_closing_tag(&apdu[apdu_len], 3);
  81   2              apdu_len += len;
  82   2              /* optional priority - 0 if not set, 1..16 if set */
  83   2              if (wpdata->priority != BACNET_NO_PRIORITY) {
  84   3                  len =
  85   3                      encode_context_unsigned(&apdu[apdu_len], 4, wpdata->priority);
  86   3                  apdu_len += len;
  87   3              }
  88   2          }
  89   1      
  90   1          return apdu_len;
  91   1      }
  92          #endif
  93          
  94          /* decode the service request only */
  95          /* FIXME: there could be various error messages returned
  96             using unique values less than zero */
  97          int wp_decode_service_request(
  98              uint8_t * apdu,
  99              unsigned apdu_len,
 100              BACNET_WRITE_PROPERTY_DATA * wpdata)
 101          {
 102   1          int len = 0;
 103   1          int tag_len = 0;
 104   1          uint8_t tag_number = 0;
 105   1          uint32_t len_value_type = 0;
 106   1          uint16_t type = 0;  /* for decoding */
 107   1          uint32_t property = 0;      /* for decoding */
 108   1          uint32_t unsigned_value = 0;
 109   1          int i = 0;  /* loop counter */
 110   1      
 111   1          /* check for value pointers */
 112   1          if (apdu_len && wpdata) {
C51 COMPILER V9.06   WP                                                                    03/29/2013 16:57:08 PAGE 3   

 113   2              /* Tag 0: Object ID          */
 114   2              if (!decode_is_context_tag(&apdu[len++], 0))
 115   2                  return -1;
 116   2              len += decode_object_id(&apdu[len], &type, &wpdata->object_instance);
 117   2              wpdata->object_type = (BACNET_OBJECT_TYPE) type;
 118   2              /* Tag 1: Property ID */
 119   2              len +=
 120   2                  decode_tag_number_and_value(&apdu[len], &tag_number,
 121   2                  &len_value_type);
 122   2              if (tag_number != 1)
 123   2                  return -1;
 124   2              len += decode_enumerated(&apdu[len], len_value_type, &property);
 125   2              wpdata->object_property = (BACNET_PROPERTY_ID) property;
 126   2              /* Tag 2: Optional Array Index */
 127   2              /* note: decode without incrementing len so we can check for opening tag */
 128   2              tag_len =
 129   2                  decode_tag_number_and_value(&apdu[len], &tag_number,
 130   2                  &len_value_type);
 131   2              if (tag_number == 2) {
 132   3                  len += tag_len;
 133   3                  len +=
 134   3                      decode_unsigned(&apdu[len], len_value_type, &unsigned_value);
 135   3                  wpdata->array_index = unsigned_value;
 136   3              } else
 137   2                  wpdata->array_index = BACNET_ARRAY_ALL;
 138   2              /* Tag 3: opening context tag */
 139   2              if (!decode_is_opening_tag_number(&apdu[len], 3))
 140   2                  return -1;
 141   2              /* determine the length of the data blob */
 142   2              wpdata->application_data_len =
 143   2                  bacapp_data_len(&apdu[len], apdu_len - len,
 144   2                  (BACNET_PROPERTY_ID) property);
 145   2              /* a tag number of 3 is not extended so only one octet */
 146   2              len++;
 147   2              /* copy the data from the APDU */
 148   2              for (i = 0; i < wpdata->application_data_len; i++) {
 149   3                  wpdata->application_data[i] = apdu[len + i];
 150   3              }
 151   2              /* add on the data length */
 152   2              len += wpdata->application_data_len;
 153   2              if (!decode_is_closing_tag_number(&apdu[len], 3))
 154   2                  return -2;
 155   2              /* a tag number of 3 is not extended so only one octet */
 156   2              len++;
 157   2              /* Tag 4: optional Priority - assumed MAX if not explicitly set */
 158   2              wpdata->priority = BACNET_MAX_PRIORITY;
 159   2              if ((unsigned) len < apdu_len) {
 160   3                  tag_len =
 161   3                      decode_tag_number_and_value(&apdu[len], &tag_number,
 162   3                      &len_value_type);
 163   3                  if (tag_number == 4) {
 164   4                      len += tag_len;
 165   4                      len =
 166   4                          decode_unsigned(&apdu[len], len_value_type,
 167   4                          &unsigned_value);
 168   4                      if ((unsigned_value >= BACNET_MIN_PRIORITY)
 169   4                          && (unsigned_value <= BACNET_MAX_PRIORITY)) {
 170   5                          wpdata->priority = (uint8_t) unsigned_value;
 171   5                      } else
 172   4                          return -5;
 173   4                  }
 174   3              }
C51 COMPILER V9.06   WP                                                                    03/29/2013 16:57:08 PAGE 4   

 175   2          }
 176   1      
 177   1          return len;
 178   1      }
 179          
 180          #ifdef TEST
              #include <assert.h>
              #include <string.h>
              #include "ctest.h"
              
              int wp_decode_apdu(
                  uint8_t * apdu,
                  unsigned apdu_len,
                  uint8_t * invoke_id,
                  BACNET_WRITE_PROPERTY_DATA * wpdata)
              {
                  int len = 0;
                  unsigned offset = 0;
              
                  if (!apdu)
                      return -1;
                  /* optional checking - most likely was already done prior to this call */
                  if (apdu[0] != PDU_TYPE_CONFIRMED_SERVICE_REQUEST)
                      return -1;
                  /*  apdu[1] = encode_max_segs_max_apdu(0, MAX_APDU); */
                  *invoke_id = apdu[2];       /* invoke id - filled in by net layer */
                  if (apdu[3] != SERVICE_CONFIRMED_WRITE_PROPERTY)
                      return -1;
                  offset = 4;
              
                  if (apdu_len > offset) {
                      len =
                          wp_decode_service_request(&apdu[offset], apdu_len - offset,
                          wpdata);
                  }
              
                  return len;
              }
              
              void testWritePropertyTag(
                  Test * pTest,
                  BACNET_APPLICATION_DATA_VALUE * value)
              {
                  BACNET_WRITE_PROPERTY_DATA wpdata = { 0 };
                  BACNET_WRITE_PROPERTY_DATA test_data = { 0 };
                  BACNET_APPLICATION_DATA_VALUE test_value;
                  uint8_t apdu[480] = { 0 };
                  int len = 0;
                  int apdu_len = 0;
                  uint8_t invoke_id = 128;
                  uint8_t test_invoke_id = 0;
              
                  wpdata.application_data_len =
                      bacapp_encode_application_data(&wpdata.application_data[0], value);
                  len = wp_encode_apdu(&apdu[0], invoke_id, &wpdata);
                  ct_test(pTest, len != 0);
                  /* decode the data */
                  apdu_len = len;
                  len = wp_decode_apdu(&apdu[0], apdu_len, &test_invoke_id, &test_data);
                  ct_test(pTest, len != -1);
                  ct_test(pTest, test_data.object_type == wpdata.object_type);
                  ct_test(pTest, test_data.object_instance == wpdata.object_instance);
C51 COMPILER V9.06   WP                                                                    03/29/2013 16:57:08 PAGE 5   

                  ct_test(pTest, test_data.object_property == wpdata.object_property);
                  ct_test(pTest, test_data.array_index == wpdata.array_index);
                  /* decode the application value of the request */
                  len =
                      bacapp_decode_application_data(test_data.application_data,
                      test_data.application_data_len, &test_value);
                  ct_test(pTest, test_value.tag == value->tag);
                  switch (test_value.tag) {
                      case BACNET_APPLICATION_TAG_NULL:
                          break;
                      case BACNET_APPLICATION_TAG_BOOLEAN:
                          ct_test(pTest, test_value.type.Boolean == value->type.Boolean);
                          break;
                      case BACNET_APPLICATION_TAG_UNSIGNED_INT:
                          ct_test(pTest,
                              test_value.type.Unsigned_Int == value->type.Unsigned_Int);
                          break;
                      case BACNET_APPLICATION_TAG_SIGNED_INT:
                          ct_test(pTest,
                              test_value.type.Signed_Int == value->type.Signed_Int);
                          break;
                      case BACNET_APPLICATION_TAG_REAL:
                          ct_test(pTest, test_value.type.Real == value->type.Real);
                          break;
                      case BACNET_APPLICATION_TAG_ENUMERATED:
                          ct_test(pTest,
                              test_value.type.Enumerated == value->type.Enumerated);
                          break;
                      case BACNET_APPLICATION_TAG_DATE:
                          ct_test(pTest, test_value.type.Date.year == value->type.Date.year);
                          ct_test(pTest,
                              test_value.type.Date.month == value->type.Date.month);
                          ct_test(pTest, test_value.type.Date.day == value->type.Date.day);
                          ct_test(pTest, test_value.type.Date.wday == value->type.Date.wday);
                          break;
                      case BACNET_APPLICATION_TAG_TIME:
                          ct_test(pTest, test_value.type.Time.hour == value->type.Time.hour);
                          ct_test(pTest, test_value.type.Time.min == value->type.Time.min);
                          ct_test(pTest, test_value.type.Time.sec == value->type.Time.sec);
                          ct_test(pTest,
                              test_value.type.Time.hundredths ==
                              value->type.Time.hundredths);
                          break;
                      case BACNET_APPLICATION_TAG_OBJECT_ID:
                          ct_test(pTest,
                              test_value.type.Object_Id.type == value->type.Object_Id.type);
                          ct_test(pTest,
                              test_value.type.Object_Id.instance ==
                              value->type.Object_Id.instance);
                          break;
                      default:
                          break;
                  }
              }
              
              void testWriteProperty(
                  Test * pTest)
              {
                  BACNET_APPLICATION_DATA_VALUE value;
              
                  value.tag = BACNET_APPLICATION_TAG_NULL;
                  testWritePropertyTag(pTest, &value);
C51 COMPILER V9.06   WP                                                                    03/29/2013 16:57:08 PAGE 6   

              
                  value.tag = BACNET_APPLICATION_TAG_BOOLEAN;
                  value.type.Boolean = true;
                  testWritePropertyTag(pTest, &value);
                  value.type.Boolean = false;
                  testWritePropertyTag(pTest, &value);
              
                  value.tag = BACNET_APPLICATION_TAG_UNSIGNED_INT;
                  value.type.Unsigned_Int = 0;
                  testWritePropertyTag(pTest, &value);
                  value.type.Unsigned_Int = 0xFFFF;
                  testWritePropertyTag(pTest, &value);
                  value.type.Unsigned_Int = 0xFFFFFFFF;
                  testWritePropertyTag(pTest, &value);
              
                  value.tag = BACNET_APPLICATION_TAG_SIGNED_INT;
                  value.type.Signed_Int = 0;
                  testWritePropertyTag(pTest, &value);
                  value.type.Signed_Int = -1;
                  testWritePropertyTag(pTest, &value);
                  value.type.Signed_Int = 32768;
                  testWritePropertyTag(pTest, &value);
                  value.type.Signed_Int = -32768;
                  testWritePropertyTag(pTest, &value);
              
                  value.tag = BACNET_APPLICATION_TAG_REAL;
                  value.type.Real = 0.0;
                  testWritePropertyTag(pTest, &value);
                  value.type.Real = -1.0;
                  testWritePropertyTag(pTest, &value);
                  value.type.Real = 1.0;
                  testWritePropertyTag(pTest, &value);
                  value.type.Real = 3.14159;
                  testWritePropertyTag(pTest, &value);
                  value.type.Real = -3.14159;
                  testWritePropertyTag(pTest, &value);
              
                  value.tag = BACNET_APPLICATION_TAG_ENUMERATED;
                  value.type.Enumerated = 0;
                  testWritePropertyTag(pTest, &value);
                  value.type.Enumerated = 0xFFFF;
                  testWritePropertyTag(pTest, &value);
                  value.type.Enumerated = 0xFFFFFFFF;
                  testWritePropertyTag(pTest, &value);
              
                  value.tag = BACNET_APPLICATION_TAG_DATE;
                  value.type.Date.year = 2005;
                  value.type.Date.month = 5;
                  value.type.Date.day = 22;
                  value.type.Date.wday = 1;
                  testWritePropertyTag(pTest, &value);
              
                  value.tag = BACNET_APPLICATION_TAG_TIME;
                  value.type.Time.hour = 23;
                  value.type.Time.min = 59;
                  value.type.Time.sec = 59;
                  value.type.Time.hundredths = 12;
                  testWritePropertyTag(pTest, &value);
              
                  value.tag = BACNET_APPLICATION_TAG_OBJECT_ID;
                  value.type.Object_Id.type = OBJECT_ANALOG_INPUT;
                  value.type.Object_Id.instance = 0;
C51 COMPILER V9.06   WP                                                                    03/29/2013 16:57:08 PAGE 7   

                  testWritePropertyTag(pTest, &value);
                  value.type.Object_Id.type = OBJECT_LIFE_SAFETY_ZONE;
                  value.type.Object_Id.instance = BACNET_MAX_INSTANCE;
                  testWritePropertyTag(pTest, &value);
              
                  return;
              }
              
              #ifdef TEST_WRITE_PROPERTY
              int main(
                  void)
              {
                  Test *pTest;
                  bool rc;
              
                  pTest = ct_create("BACnet WriteProperty", NULL);
                  /* individual tests */
                  rc = ct_addTestFunction(pTest, testWriteProperty);
                  assert(rc);
              
                  ct_setStream(pTest, stdout);
                  ct_run(pTest);
                  (void) ct_report(pTest);
                  ct_destroy(pTest);
              
                  return 0;
              }
              #endif /* TEST_WRITE_PROPERTY */
              #endif /* TEST */


MODULE INFORMATION:   STATIC OVERLAYABLE
   CODE SIZE        =   2295    ----
   CONSTANT SIZE    =   ----    ----
   XDATA SIZE       =   ----      40
   PDATA SIZE       =   ----    ----
   DATA SIZE        =   ----    ----
   IDATA SIZE       =   ----    ----
   BIT SIZE         =   ----    ----
   EDATA SIZE       =   ----    ----
   HDATA SIZE       =   ----    ----
   XDATA CONST SIZE =   ----    ----
   FAR CONST SIZE   =   ----    ----
END OF MODULE INFORMATION.


C51 COMPILATION COMPLETE.  0 WARNING(S),  0 ERROR(S)
